[2023-06-28T16:20:44.005] [INFO] default - nodejs.test9服务运行中, 案件号：dsfsfsf455131211,运行阶段：任务开始
[2023-06-28T16:20:44.005] [INFO] default - [
  {
    caseNo: 'dsfsfsf455131211',
    sTime: '1687940435003',
    Rstate: '任务开始',
    sname: 'nodejs.test9',
    ERtime: '1'
  }
]
[2023-06-28T16:21:20.656] [INFO] default - nodejs.test9服务运行中, 案件号：dsadafa4f84as5d4a5d4a,运行阶段：任务开始
[2023-06-28T16:21:20.657] [INFO] default - [
  {
    caseNo: 'dsfsfsf455131211',
    sTime: '1687940435003',
    Rstate: '任务开始',
    sname: 'nodejs.test9',
    ERtime: '1'
  },
  {
    caseNo: 'dsadafa4f84as5d4a5d4a',
    sTime: '1687940480021',
    Rstate: '任务开始',
    sname: 'nodejs.test9',
    ERtime: '1'
  }
]
[2023-06-28T16:21:29.027] [INFO] default - nodejs.test10服务运行中, 案件号：fdfs1515,运行阶段：任务开始
[2023-06-28T16:21:29.027] [INFO] default - [
  {
    caseNo: 'dsfsfsf455131211',
    sTime: '1687940435003',
    Rstate: '任务开始',
    sname: 'nodejs.test9',
    ERtime: '1'
  },
  {
    caseNo: 'dsadafa4f84as5d4a5d4a',
    sTime: '1687940480021',
    Rstate: '任务开始',
    sname: 'nodejs.test9',
    ERtime: '1'
  },
  {
    caseNo: 'fdfs1515',
    sTime: '1687940488666',
    Rstate: '任务开始',
    sname: 'nodejs.test10',
    ERtime: '1'
  }
]
[2023-06-28T16:22:14.224] [INFO] default - nodejs.test10服务运行中, 案件号：zzzzzzzzzzzzz,运行阶段：任务开始
[2023-06-28T16:22:14.224] [INFO] default - [
  {
    caseNo: 'dsfsfsf455131211',
    sTime: '1687940435003',
    Rstate: '任务开始',
    sname: 'nodejs.test9',
    ERtime: '1'
  },
  {
    caseNo: 'dsadafa4f84as5d4a5d4a',
    sTime: '1687940480021',
    Rstate: '任务开始',
    sname: 'nodejs.test9',
    ERtime: '1'
  },
  {
    caseNo: 'fdfs1515',
    sTime: '1687940488666',
    Rstate: '任务开始',
    sname: 'nodejs.test10',
    ERtime: '1'
  },
  {
    caseNo: 'zzzzzzzzzzzzz',
    sTime: '1687940533687',
    Rstate: '任务开始',
    sname: 'nodejs.test10',
    ERtime: '1'
  }
]
[2023-06-28T16:24:59.788] [INFO] default - nodejs.test10服务运行中, 案件号：fdfs1515,运行阶段：任务开始
[2023-06-28T16:24:59.788] [INFO] default - [
  {
    caseNo: 'fdfs1515',
    sTime: '1687940691592',
    Rstate: '任务开始',
    sname: 'nodejs.test10',
    ERtime: '1'
  }
]
[2023-06-28T16:24:59.797] [INFO] default - nodejs.test9服务运行中, 案件号：dsfsfsf455131211,运行阶段：任务开始
[2023-06-28T16:24:59.797] [INFO] default - [
  {
    caseNo: 'fdfs1515',
    sTime: '1687940691592',
    Rstate: '任务开始',
    sname: 'nodejs.test10',
    ERtime: '1'
  },
  {
    caseNo: 'dsfsfsf455131211',
    sTime: '1687940688409',
    Rstate: '任务开始',
    sname: 'nodejs.test9',
    ERtime: '1'
  }
]
[2023-06-28T16:25:33.984] [INFO] default - nodejs.test9服务运行中, 案件号：dsadafa4f84as5d4a5d4a,运行阶段：任务开始
[2023-06-28T16:25:33.984] [INFO] default - [
  {
    caseNo: 'fdfs1515',
    sTime: '1687940691592',
    Rstate: '任务开始',
    sname: 'nodejs.test10',
    ERtime: '1'
  },
  {
    caseNo: 'dsfsfsf455131211',
    sTime: '1687940688409',
    Rstate: '任务开始',
    sname: 'nodejs.test9',
    ERtime: '1'
  },
  {
    caseNo: 'dsadafa4f84as5d4a5d4a',
    sTime: '1687940733419',
    Rstate: '任务开始',
    sname: 'nodejs.test9',
    ERtime: '1'
  }
]
[2023-06-28T16:25:37.275] [INFO] default - nodejs.test10服务运行中, 案件号：fdfs1515,运行阶段：任务完成
[2023-06-28T16:30:39.130] [INFO] default - nodejs.test9服务运行中, 案件号：dsfsfsf455131211,运行阶段：任务开始
[2023-06-28T16:30:39.131] [INFO] default - [
  {
    caseNo: 'dsfsfsf455131211',
    sTime: '1687941031233',
    Rstate: '任务开始',
    sname: 'nodejs.test9',
    ERtime: '1'
  }
]
[2023-06-28T16:30:39.141] [INFO] default - nodejs.test10服务运行中, 案件号：fdfs1515,运行阶段：任务开始
[2023-06-28T16:30:39.141] [INFO] default - [
  {
    caseNo: 'dsfsfsf455131211',
    sTime: '1687941031233',
    Rstate: '任务开始',
    sname: 'nodejs.test9',
    ERtime: '1'
  },
  {
    caseNo: 'fdfs1515',
    sTime: '1687941027535',
    Rstate: '任务开始',
    sname: 'nodejs.test10',
    ERtime: '1'
  }
]
[2023-06-28T16:31:13.110] [INFO] default - nodejs.test10服务运行中, 案件号：fdfs1515,运行阶段：任务完成
[2023-06-28T16:31:16.818] [INFO] default - nodejs.test9服务运行中, 案件号：dsadafa4f84as5d4a5d4a,运行阶段：任务开始
[2023-06-28T16:31:16.818] [INFO] default - [
  {
    caseNo: 'dsfsfsf455131211',
    sTime: '1687941031233',
    Rstate: '任务开始',
    sname: 'nodejs.test9',
    ERtime: '1'
  },
  {
    caseNo: 'fdfs1515',
    sTime: '1687941027535',
    Rstate: '任务开始',
    sname: 'nodejs.test10',
    ERtime: '1'
  },
  {
    caseNo: 'dsadafa4f84as5d4a5d4a',
    sTime: '1687941076253',
    Rstate: '任务开始',
    sname: 'nodejs.test9',
    ERtime: '1'
  }
]
[2023-06-28T16:34:07.594] [INFO] default - nodejs.test10服务运行中, 案件号：fdfs1515,运行阶段：任务开始
[2023-06-28T16:34:07.594] [INFO] default - [
  {
    caseNo: 'fdfs1515',
    sTime: '1687941237810',
    Rstate: '任务开始',
    sname: 'nodejs.test10',
    ERtime: '1'
  }
]
[2023-06-28T16:34:07.604] [INFO] default - nodejs.test9服务运行中, 案件号：dsfsfsf455131211,运行阶段：任务开始
[2023-06-28T16:34:07.604] [INFO] default - [
  {
    caseNo: 'fdfs1515',
    sTime: '1687941237810',
    Rstate: '任务开始',
    sname: 'nodejs.test10',
    ERtime: '1'
  },
  {
    caseNo: 'dsfsfsf455131211',
    sTime: '1687941240085',
    Rstate: '任务开始',
    sname: 'nodejs.test9',
    ERtime: '1'
  }
]
[2023-06-28T16:34:43.389] [INFO] default - nodejs.test10服务运行中, 案件号：fdfs1515,运行阶段：任务完成
[2023-06-28T16:34:45.685] [INFO] default - nodejs.test9服务运行中, 案件号：dsadafa4f84as5d4a5d4a,运行阶段：任务开始
[2023-06-28T16:34:45.686] [INFO] default - [
  {
    caseNo: 'fdfs1515',
    sTime: '1687941237810',
    Rstate: '任务开始',
    sname: 'nodejs.test10',
    ERtime: '1'
  },
  {
    caseNo: 'dsfsfsf455131211',
    sTime: '1687941240085',
    Rstate: '任务开始',
    sname: 'nodejs.test9',
    ERtime: '1'
  },
  {
    caseNo: 'dsadafa4f84as5d4a5d4a',
    sTime: '1687941285106',
    Rstate: '任务开始',
    sname: 'nodejs.test9',
    ERtime: '1'
  }
]
[2023-06-28T16:37:27.812] [INFO] default - nodejs.test10服务运行中, 案件号：fdfs1515,运行阶段：任务完成
[2023-06-28T16:37:27.819] [INFO] default - nodejs.test9服务运行中, 案件号：dsadafa4f84as5d4a5d4a,运行阶段：任务开始
[2023-06-28T16:37:27.819] [INFO] default - [
  {
    caseNo: 'dsadafa4f84as5d4a5d4a',
    sTime: '1687941285106',
    Rstate: '任务开始',
    sname: 'nodejs.test9',
    ERtime: '1'
  }
]
[2023-06-28T16:38:01.590] [INFO] default - nodejs.test10服务运行中, 案件号：fdfs1515,运行阶段：任务完成
[2023-06-28T16:38:04.654] [INFO] default - nodejs.test9服务运行中, 案件号：dsadafa4f84as5d4a5d4a,运行阶段：任务开始
[2023-06-28T16:38:04.654] [INFO] default - [
  {
    caseNo: 'dsadafa4f84as5d4a5d4a',
    sTime: '1687941484102',
    Rstate: '任务开始',
    sname: 'nodejs.test9',
    ERtime: '1'
  }
]
[2023-06-28T16:38:51.724] [INFO] default - [
  {
    caseNo: 'dsadafa4f84as5d4a5d4a',
    sTime: '1687941484102',
    Rstate: '任务开始',
    sname: 'nodejs.test9',
    ERtime: '1'
  }
]
[2023-06-28T17:29:30.633] [INFO] default - nodejs.test9服务运行中, 案件号：dsfsfsf455131211,运行阶段：任务开始
[2023-06-28T17:29:30.633] [INFO] default - [
  {
    caseNo: 'dsfsfsf455131211',
    sTime: '1687944562673',
    Rstate: '任务开始',
    sname: 'nodejs.test9',
    ERtime: '1'
  }
]
[2023-06-28T17:29:30.642] [INFO] default - nodejs.test10服务运行中, 案件号：fdfs1515,运行阶段：任务开始
[2023-06-28T17:29:30.642] [INFO] default - [
  {
    caseNo: 'dsfsfsf455131211',
    sTime: '1687944562673',
    Rstate: '任务开始',
    sname: 'nodejs.test9',
    ERtime: '1'
  },
  {
    caseNo: 'fdfs1515',
    sTime: '1687944560814',
    Rstate: '任务开始',
    sname: 'nodejs.test10',
    ERtime: '1'
  }
]
[2023-06-28T17:30:21.983] [INFO] default - [
  {
    caseNo: 'dsfsfsf455131211',
    sTime: '1687944562673',
    Rstate: '任务开始',
    sname: 'nodejs.test9',
    ERtime: '1'
  },
  {
    caseNo: 'fdfs1515',
    sTime: '1687944560814',
    Rstate: '任务开始',
    sname: 'nodejs.test10',
    ERtime: '1'
  }
]
[2023-06-28T17:30:21.993] [INFO] default - [
  {
    caseNo: 'dsfsfsf455131211',
    sTime: '1687944562673',
    Rstate: '任务开始',
    sname: 'nodejs.test9',
    ERtime: '1'
  },
  {
    caseNo: 'fdfs1515',
    sTime: '1687944560814',
    Rstate: '任务开始',
    sname: 'nodejs.test10',
    ERtime: '1'
  }
]
